# JRE version: OpenJDK Runtime Environment Temurin-21.0.9+10 (21.0.9+10) (build 21.0.9+10-LTS)
# Java VM: OpenJDK 64-Bit Server VM Temurin-21.0.9+10 (21.0.9+10-LTS, mixed mode, sharing, tiered, compressed oops, compressed class ptrs, parallel gc, windows-amd64)
GC Precious Log:
 CardTable entry size: 512
 CPUs: 12 total, 12 available
 Memory: 16205M
 Large Page Support: Disabled
 NUMA Support: Disabled
 Compressed Oops: Enabled (32-bit)
 Alignments: Space 512K, Generation 512K, Heap 2M
 Heap Min Capacity: 100M
 Heap Initial Capacity: 100M
 Heap Max Capacity: 2G
 Pre-touch: Disabled
 Parallel Workers: 10
Heap:
 PSYoungGen      total 18432K, used 12896K [0x00000000d5580000, 0x00000000d6980000, 0x0000000100000000)
  eden space 17408K, 70% used [0x00000000d5580000,0x00000000d6178008,0x00000000d6680000)
  from space 1024K, 62% used [0x00000000d6680000,0x00000000d6720000,0x00000000d6780000)
  to   space 1536K, 0% used [0x00000000d6800000,0x00000000d6800000,0x00000000d6980000)
 ParOldGen       total 68608K, used 42325K [0x0000000080000000, 0x0000000084300000, 0x00000000d5580000)
  object space 68608K, 61% used [0x0000000080000000,0x00000000829555e8,0x0000000084300000)
 Metaspace       used 64828K, committed 66368K, reserved 1114112K
  class space    used 8249K, committed 8960K, reserved 1048576K
GC Heap History (20 events):
Event: 15.903 GC heap before
{Heap before GC invocations=39 (full 3):
 PSYoungGen      total 19968K, used 18831K [0x00000000d5580000, 0x00000000d6a80000, 0x0000000100000000)
  eden space 18432K, 100% used [0x00000000d5580000,0x00000000d6780000,0x00000000d6780000)
  from space 1536K, 25% used [0x00000000d6800000,0x00000000d6863cd8,0x00000000d6980000)
  to   space 1024K, 0% used [0x00000000d6980000,0x00000000d6980000,0x00000000d6a80000)
 ParOldGen       total 68608K, used 39417K [0x0000000080000000, 0x0000000084300000, 0x00000000d5580000)
  object space 68608K, 57% used [0x0000000080000000,0x000000008267e620,0x0000000084300000)
 Metaspace       used 59780K, committed 61120K, reserved 1114112K
  class space    used 7588K, committed 8192K, reserved 1048576K
}
Event: 15.904 GC heap after
{Heap after GC invocations=39 (full 3):
 PSYoungGen      total 18944K, used 160K [0x00000000d5580000, 0x00000000d6a00000, 0x0000000100000000)
  eden space 18432K, 0% used [0x00000000d5580000,0x00000000d5580000,0x00000000d6780000)
  from space 512K, 31% used [0x00000000d6980000,0x00000000d69a8000,0x00000000d6a00000)
  to   space 512K, 0% used [0x00000000d6900000,0x00000000d6900000,0x00000000d6980000)
 ParOldGen       total 68608K, used 39433K [0x0000000080000000, 0x0000000084300000, 0x00000000d5580000)
  object space 68608K, 57% used [0x0000000080000000,0x0000000082682620,0x0000000084300000)
 Metaspace       used 59780K, committed 61120K, reserved 1114112K
  class space    used 7588K, committed 8192K, reserved 1048576K
}
Event: 16.057 GC heap before
{Heap before GC invocations=40 (full 3):
 PSYoungGen      total 18944K, used 18592K [0x00000000d5580000, 0x00000000d6a00000, 0x0000000100000000)
  eden space 18432K, 100% used [0x00000000d5580000,0x00000000d6780000,0x00000000d6780000)
  from space 512K, 31% used [0x00000000d6980000,0x00000000d69a8000,0x00000000d6a00000)
  to   space 512K, 0% used [0x00000000d6900000,0x00000000d6900000,0x00000000d6980000)
 ParOldGen       total 68608K, used 39433K [0x0000000080000000, 0x0000000084300000, 0x00000000d5580000)
  object space 68608K, 57% used [0x0000000080000000,0x0000000082682620,0x0000000084300000)
 Metaspace       used 59780K, committed 61120K, reserved 1114112K
  class space    used 7588K, committed 8192K, reserved 1048576K
}
Event: 16.058 GC heap after
{Heap after GC invocations=40 (full 3):
 PSYoungGen      total 18944K, used 496K [0x00000000d5580000, 0x00000000d6a80000, 0x0000000100000000)
  eden space 18432K, 0% used [0x00000000d5580000,0x00000000d5580000,0x00000000d6780000)
  from space 512K, 96% used [0x00000000d6900000,0x00000000d697c280,0x00000000d6980000)
  to   space 1024K, 0% used [0x00000000d6980000,0x00000000d6980000,0x00000000d6a80000)
 ParOldGen       total 68608K, used 40105K [0x0000000080000000, 0x0000000084300000, 0x00000000d5580000)
  object space 68608K, 58% used [0x0000000080000000,0x000000008272a428,0x0000000084300000)
 Metaspace       used 59780K, committed 61120K, reserved 1114112K
  class space    used 7588K, committed 8192K, reserved 1048576K
}
Event: 16.227 GC heap before
{Heap before GC invocations=41 (full 3):
 PSYoungGen      total 18944K, used 18928K [0x00000000d5580000, 0x00000000d6a80000, 0x0000000100000000)
  eden space 18432K, 100% used [0x00000000d5580000,0x00000000d6780000,0x00000000d6780000)
  from space 512K, 96% used [0x00000000d6900000,0x00000000d697c280,0x00000000d6980000)
  to   space 1024K, 0% used [0x00000000d6980000,0x00000000d6980000,0x00000000d6a80000)
 ParOldGen       total 68608K, used 40105K [0x0000000080000000, 0x0000000084300000, 0x00000000d5580000)
  object space 68608K, 58% used [0x0000000080000000,0x000000008272a428,0x0000000084300000)
 Metaspace       used 59781K, committed 61120K, reserved 1114112K
  class space    used 7588K, committed 8192K, reserved 1048576K
}
Event: 16.228 GC heap after
{Heap after GC invocations=41 (full 3):
 PSYoungGen      total 19456K, used 1003K [0x00000000d5580000, 0x00000000d6a80000, 0x0000000100000000)
  eden space 18432K, 0% used [0x00000000d5580000,0x00000000d5580000,0x00000000d6780000)
  from space 1024K, 97% used [0x00000000d6980000,0x00000000d6a7ac58,0x00000000d6a80000)
  to   space 1536K, 0% used [0x00000000d6780000,0x00000000d6780000,0x00000000d6900000)
 ParOldGen       total 68608K, used 40319K [0x0000000080000000, 0x0000000084300000, 0x00000000d5580000)
  object space 68608K, 58% used [0x0000000080000000,0x000000008275ffc8,0x0000000084300000)
 Metaspace       used 59781K, committed 61120K, reserved 1114112K
  class space    used 7588K, committed 8192K, reserved 1048576K
}
Event: 16.431 GC heap before
{Heap before GC invocations=42 (full 3):
 PSYoungGen      total 19456K, used 19435K [0x00000000d5580000, 0x00000000d6a80000, 0x0000000100000000)
  eden space 18432K, 100% used [0x00000000d5580000,0x00000000d6780000,0x00000000d6780000)
  from space 1024K, 97% used [0x00000000d6980000,0x00000000d6a7ac58,0x00000000d6a80000)
  to   space 1536K, 0% used [0x00000000d6780000,0x00000000d6780000,0x00000000d6900000)
 ParOldGen       total 68608K, used 40319K [0x0000000080000000, 0x0000000084300000, 0x00000000d5580000)
  object space 68608K, 58% used [0x0000000080000000,0x000000008275ffc8,0x0000000084300000)
 Metaspace       used 59781K, committed 61120K, reserved 1114112K
  class space    used 7588K, committed 8192K, reserved 1048576K
}
Event: 16.432 GC heap after
{Heap after GC invocations=42 (full 3):
 PSYoungGen      total 19968K, used 915K [0x00000000d5580000, 0x00000000d6a80000, 0x0000000100000000)
  eden space 18432K, 0% used [0x00000000d5580000,0x00000000d5580000,0x00000000d6780000)
  from space 1536K, 59% used [0x00000000d6780000,0x00000000d6864e10,0x00000000d6900000)
  to   space 1536K, 0% used [0x00000000d6900000,0x00000000d6900000,0x00000000d6a80000)
 ParOldGen       total 68608K, used 40391K [0x0000000080000000, 0x0000000084300000, 0x00000000d5580000)
  object space 68608K, 58% used [0x0000000080000000,0x0000000082771fc8,0x0000000084300000)
 Metaspace       used 59781K, committed 61120K, reserved 1114112K
  class space    used 7588K, committed 8192K, reserved 1048576K
}
Event: 16.623 GC heap before
{Heap before GC invocations=43 (full 3):
 PSYoungGen      total 19968K, used 19347K [0x00000000d5580000, 0x00000000d6a80000, 0x0000000100000000)
  eden space 18432K, 100% used [0x00000000d5580000,0x00000000d6780000,0x00000000d6780000)
  from space 1536K, 59% used [0x00000000d6780000,0x00000000d6864e10,0x00000000d6900000)
  to   space 1536K, 0% used [0x00000000d6900000,0x00000000d6900000,0x00000000d6a80000)
 ParOldGen       total 68608K, used 40391K [0x0000000080000000, 0x0000000084300000, 0x00000000d5580000)
  object space 68608K, 58% used [0x0000000080000000,0x0000000082771fc8,0x0000000084300000)
 Metaspace       used 59781K, committed 61120K, reserved 1114112K
  class space    used 7588K, committed 8192K, reserved 1048576K
}
Event: 16.624 GC heap after
{Heap after GC invocations=43 (full 3):
 PSYoungGen      total 18944K, used 288K [0x00000000d5580000, 0x00000000d6980000, 0x0000000100000000)
  eden space 18432K, 0% used [0x00000000d5580000,0x00000000d5580000,0x00000000d6780000)
  from space 512K, 56% used [0x00000000d6900000,0x00000000d6948000,0x00000000d6980000)
  to   space 1024K, 0% used [0x00000000d6780000,0x00000000d6780000,0x00000000d6880000)
 ParOldGen       total 68608K, used 40423K [0x0000000080000000, 0x0000000084300000, 0x00000000d5580000)
  object space 68608K, 58% used [0x0000000080000000,0x0000000082779fc8,0x0000000084300000)
 Metaspace       used 59781K, committed 61120K, reserved 1114112K
  class space    used 7588K, committed 8192K, reserved 1048576K
}
Event: 16.805 GC heap before
{Heap before GC invocations=44 (full 3):
 PSYoungGen      total 18944K, used 18720K [0x00000000d5580000, 0x00000000d6980000, 0x0000000100000000)
  eden space 18432K, 100% used [0x00000000d5580000,0x00000000d6780000,0x00000000d6780000)
  from space 512K, 56% used [0x00000000d6900000,0x00000000d6948000,0x00000000d6980000)
  to   space 1024K, 0% used [0x00000000d6780000,0x00000000d6780000,0x00000000d6880000)
 ParOldGen       total 68608K, used 40423K [0x0000000080000000, 0x0000000084300000, 0x00000000d5580000)
  object space 68608K, 58% used [0x0000000080000000,0x0000000082779fc8,0x0000000084300000)
 Metaspace       used 59781K, committed 61120K, reserved 1114112K
  class space    used 7588K, committed 8192K, reserved 1048576K
}
Event: 16.805 GC heap after
{Heap after GC invocations=44 (full 3):
 PSYoungGen      total 19456K, used 273K [0x00000000d5580000, 0x00000000d6980000, 0x0000000100000000)
  eden space 18432K, 0% used [0x00000000d5580000,0x00000000d5580000,0x00000000d6780000)
  from space 1024K, 26% used [0x00000000d6780000,0x00000000d67c4640,0x00000000d6880000)
  to   space 512K, 0% used [0x00000000d6900000,0x00000000d6900000,0x00000000d6980000)
 ParOldGen       total 68608K, used 40574K [0x0000000080000000, 0x0000000084300000, 0x00000000d5580000)
  object space 68608K, 59% used [0x0000000080000000,0x000000008279f9e8,0x0000000084300000)
 Metaspace       used 59781K, committed 61120K, reserved 1114112K
  class space    used 7588K, committed 8192K, reserved 1048576K
}
Event: 17.106 GC heap before
{Heap before GC invocations=45 (full 3):
 PSYoungGen      total 19456K, used 18705K [0x00000000d5580000, 0x00000000d6980000, 0x0000000100000000)
  eden space 18432K, 100% used [0x00000000d5580000,0x00000000d6780000,0x00000000d6780000)
  from space 1024K, 26% used [0x00000000d6780000,0x00000000d67c4640,0x00000000d6880000)
  to   space 512K, 0% used [0x00000000d6900000,0x00000000d6900000,0x00000000d6980000)
 ParOldGen       total 68608K, used 40574K [0x0000000080000000, 0x0000000084300000, 0x00000000d5580000)
  object space 68608K, 59% used [0x0000000080000000,0x000000008279f9e8,0x0000000084300000)
 Metaspace       used 61755K, committed 63232K, reserved 1114112K
  class space    used 7905K, committed 8576K, reserved 1048576K
}
Event: 17.107 GC heap after
{Heap after GC invocations=45 (full 3):
 PSYoungGen      total 18944K, used 512K [0x00000000d5580000, 0x00000000d6980000, 0x0000000100000000)
  eden space 18432K, 0% used [0x00000000d5580000,0x00000000d5580000,0x00000000d6780000)
  from space 512K, 100% used [0x00000000d6900000,0x00000000d6980000,0x00000000d6980000)
  to   space 1024K, 0% used [0x00000000d6780000,0x00000000d6780000,0x00000000d6880000)
 ParOldGen       total 68608K, used 40750K [0x0000000080000000, 0x0000000084300000, 0x00000000d5580000)
  object space 68608K, 59% used [0x0000000080000000,0x00000000827cba08,0x0000000084300000)
 Metaspace       used 61755K, committed 63232K, reserved 1114112K
  class space    used 7905K, committed 8576K, reserved 1048576K
}
Event: 28.050 GC heap before
{Heap before GC invocations=46 (full 3):
 PSYoungGen      total 18944K, used 18944K [0x00000000d5580000, 0x00000000d6980000, 0x0000000100000000)
  eden space 18432K, 100% used [0x00000000d5580000,0x00000000d6780000,0x00000000d6780000)
  from space 512K, 100% used [0x00000000d6900000,0x00000000d6980000,0x00000000d6980000)
  to   space 1024K, 0% used [0x00000000d6780000,0x00000000d6780000,0x00000000d6880000)
 ParOldGen       total 68608K, used 40750K [0x0000000080000000, 0x0000000084300000, 0x00000000d5580000)
  object space 68608K, 59% used [0x0000000080000000,0x00000000827cba08,0x0000000084300000)
 Metaspace       used 63708K, committed 65152K, reserved 1114112K
  class space    used 8148K, committed 8832K, reserved 1048576K
}
Event: 28.052 GC heap after
{Heap after GC invocations=46 (full 3):
 PSYoungGen      total 19456K, used 912K [0x00000000d5580000, 0x00000000d6980000, 0x0000000100000000)
  eden space 18432K, 0% used [0x00000000d5580000,0x00000000d5580000,0x00000000d6780000)
  from space 1024K, 89% used [0x00000000d6780000,0x00000000d6864020,0x00000000d6880000)
  to   space 1024K, 0% used [0x00000000d6880000,0x00000000d6880000,0x00000000d6980000)
 ParOldGen       total 68608K, used 41262K [0x0000000080000000, 0x0000000084300000, 0x00000000d5580000)
  object space 68608K, 60% used [0x0000000080000000,0x000000008284ba18,0x0000000084300000)
 Metaspace       used 63708K, committed 65152K, reserved 1114112K
  class space    used 8148K, committed 8832K, reserved 1048576K
}
Event: 34.943 GC heap before
{Heap before GC invocations=47 (full 3):
 PSYoungGen      total 19456K, used 19344K [0x00000000d5580000, 0x00000000d6980000, 0x0000000100000000)
  eden space 18432K, 100% used [0x00000000d5580000,0x00000000d6780000,0x00000000d6780000)
  from space 1024K, 89% used [0x00000000d6780000,0x00000000d6864020,0x00000000d6880000)
  to   space 1024K, 0% used [0x00000000d6880000,0x00000000d6880000,0x00000000d6980000)
 ParOldGen       total 68608K, used 41262K [0x0000000080000000, 0x0000000084300000, 0x00000000d5580000)
  object space 68608K, 60% used [0x0000000080000000,0x000000008284ba18,0x0000000084300000)
 Metaspace       used 64012K, committed 65472K, reserved 1114112K
  class space    used 8152K, committed 8832K, reserved 1048576K
}
Event: 34.947 GC heap after
{Heap after GC invocations=47 (full 3):
 PSYoungGen      total 18432K, used 992K [0x00000000d5580000, 0x00000000d6b80000, 0x0000000100000000)
  eden space 17408K, 0% used [0x00000000d5580000,0x00000000d5580000,0x00000000d6680000)
  from space 1024K, 96% used [0x00000000d6880000,0x00000000d6978030,0x00000000d6980000)
  to   space 2048K, 0% used [0x00000000d6680000,0x00000000d6680000,0x00000000d6880000)
 ParOldGen       total 68608K, used 42093K [0x0000000080000000, 0x0000000084300000, 0x00000000d5580000)
  object space 68608K, 61% used [0x0000000080000000,0x000000008291b5e8,0x0000000084300000)
 Metaspace       used 64012K, committed 65472K, reserved 1114112K
  class space    used 8152K, committed 8832K, reserved 1048576K
}
Event: 52.437 GC heap before
{Heap before GC invocations=48 (full 3):
 PSYoungGen      total 18432K, used 18400K [0x00000000d5580000, 0x00000000d6b80000, 0x0000000100000000)
  eden space 17408K, 100% used [0x00000000d5580000,0x00000000d6680000,0x00000000d6680000)
  from space 1024K, 96% used [0x00000000d6880000,0x00000000d6978030,0x00000000d6980000)
  to   space 2048K, 0% used [0x00000000d6680000,0x00000000d6680000,0x00000000d6880000)
 ParOldGen       total 68608K, used 42093K [0x0000000080000000, 0x0000000084300000, 0x00000000d5580000)
  object space 68608K, 61% used [0x0000000080000000,0x000000008291b5e8,0x0000000084300000)
 Metaspace       used 64416K, committed 65920K, reserved 1114112K
  class space    used 8191K, committed 8896K, reserved 1048576K
}
Event: 52.438 GC heap after
{Heap after GC invocations=48 (full 3):
 PSYoungGen      total 18432K, used 640K [0x00000000d5580000, 0x00000000d6980000, 0x0000000100000000)
  eden space 17408K, 0% used [0x00000000d5580000,0x00000000d5580000,0x00000000d6680000)
  from space 1024K, 62% used [0x00000000d6680000,0x00000000d6720000,0x00000000d6780000)
  to   space 1536K, 0% used [0x00000000d6800000,0x00000000d6800000,0x00000000d6980000)
 ParOldGen       total 68608K, used 42325K [0x0000000080000000, 0x0000000084300000, 0x00000000d5580000)
  object space 68608K, 61% used [0x0000000080000000,0x00000000829555e8,0x0000000084300000)
 Metaspace       used 64416K, committed 65920K, reserved 1114112K
  class space    used 8191K, committed 8896K, reserved 1048576K
}

