# JRE version: Java(TM) SE Runtime Environment (20.0.1+9) (build 20.0.1+9-29)
# Java VM: Java HotSpot(TM) 64-Bit Server VM (20.0.1+9-29, mixed mode, sharing, tiered, compressed oops, compressed class ptrs, g1 gc, windows-amd64)
GC Precious Log:
 CardTable entry size: 512
 Card Set container configuration: InlinePtr #cards 5 size 8 Array Of Cards #cards 12 size 40 Howl #buckets 4 coarsen threshold 1843 Howl Bitmap #cards 512 size 80 coarsen threshold 460 Card regions per heap region 1 cards per card region 2048
 CPUs: 12 total, 12 available
 Memory: 16205M
 Large Page Support: Disabled
 NUMA Support: Disabled
 Compressed Oops: Enabled (32-bit)
 Heap Region Size: 1M
 Heap Min Capacity: 8M
 Heap Initial Capacity: 254M
 Heap Max Capacity: 2G
 Pre-touch: Disabled
 Parallel Workers: 10
 Concurrent Workers: 3
 Concurrent Refinement Workers: 10
 Periodic GC: Disabled
Heap:
 garbage-first heap   total 107520K, used 84361K [0x0000000080000000, 0x0000000100000000)
  region size 1024K, 49 young (50176K), 5 survivors (5120K)
 Metaspace       used 48341K, committed 50112K, reserved 905216K
  class space    used 6772K, committed 7680K, reserved 839680K
GC Heap History (20 events):
Event: 0.461 GC heap before
{Heap before GC invocations=0 (full 0):
 garbage-first heap   total 260096K, used 22528K [0x0000000080000000, 0x0000000100000000)
  region size 1024K, 23 young (23552K), 0 survivors (0K)
 Metaspace       used 993K, committed 1152K, reserved 905216K
  class space    used 74K, committed 128K, reserved 839680K
}
Event: 0.466 GC heap after
{Heap after GC invocations=1 (full 0):
 garbage-first heap   total 260096K, used 1877K [0x0000000080000000, 0x0000000100000000)
  region size 1024K, 2 young (2048K), 2 survivors (2048K)
 Metaspace       used 993K, committed 1152K, reserved 905216K
  class space    used 74K, committed 128K, reserved 839680K
}
Event: 1.091 GC heap before
{Heap before GC invocations=1 (full 0):
 garbage-first heap   total 260096K, used 40789K [0x0000000080000000, 0x0000000100000000)
  region size 1024K, 38 young (38912K), 2 survivors (2048K)
 Metaspace       used 4300K, committed 4480K, reserved 905216K
  class space    used 535K, committed 640K, reserved 839680K
}
Event: 1.096 GC heap after
{Heap after GC invocations=2 (full 0):
 garbage-first heap   total 260096K, used 10868K [0x0000000080000000, 0x0000000100000000)
  region size 1024K, 5 young (5120K), 5 survivors (5120K)
 Metaspace       used 4300K, committed 4480K, reserved 905216K
  class space    used 535K, committed 640K, reserved 839680K
}
Event: 2.471 GC heap before
{Heap before GC invocations=2 (full 0):
 garbage-first heap   total 260096K, used 71284K [0x0000000080000000, 0x0000000100000000)
  region size 1024K, 62 young (63488K), 5 survivors (5120K)
 Metaspace       used 7654K, committed 8000K, reserved 905216K
  class space    used 1009K, committed 1152K, reserved 839680K
}
Event: 2.478 GC heap after
{Heap after GC invocations=3 (full 0):
 garbage-first heap   total 260096K, used 18196K [0x0000000080000000, 0x0000000100000000)
  region size 1024K, 7 young (7168K), 7 survivors (7168K)
 Metaspace       used 7654K, committed 8000K, reserved 905216K
  class space    used 1009K, committed 1152K, reserved 839680K
}
Event: 4.797 GC heap before
{Heap before GC invocations=3 (full 0):
 garbage-first heap   total 260096K, used 97044K [0x0000000080000000, 0x0000000100000000)
  region size 1024K, 85 young (87040K), 7 survivors (7168K)
 Metaspace       used 20842K, committed 21504K, reserved 905216K
  class space    used 3003K, committed 3328K, reserved 839680K
}
Event: 4.812 GC heap after
{Heap after GC invocations=4 (full 0):
 garbage-first heap   total 260096K, used 24077K [0x0000000080000000, 0x0000000100000000)
  region size 1024K, 12 young (12288K), 12 survivors (12288K)
 Metaspace       used 20842K, committed 21504K, reserved 905216K
  class space    used 3003K, committed 3328K, reserved 839680K
}
Event: 5.793 GC heap before
{Heap before GC invocations=5 (full 0):
 garbage-first heap   total 89088K, used 64013K [0x0000000080000000, 0x0000000100000000)
  region size 1024K, 52 young (53248K), 12 survivors (12288K)
 Metaspace       used 25712K, committed 26688K, reserved 905216K
  class space    used 3768K, committed 4224K, reserved 839680K
}
Event: 5.804 GC heap after
{Heap after GC invocations=6 (full 0):
 garbage-first heap   total 89088K, used 30102K [0x0000000080000000, 0x0000000100000000)
  region size 1024K, 7 young (7168K), 7 survivors (7168K)
 Metaspace       used 25712K, committed 26688K, reserved 905216K
  class space    used 3768K, committed 4224K, reserved 839680K
}
Event: 7.172 GC heap before
{Heap before GC invocations=6 (full 0):
 garbage-first heap   total 89088K, used 67990K [0x0000000080000000, 0x0000000100000000)
  region size 1024K, 45 young (46080K), 7 survivors (7168K)
 Metaspace       used 31072K, committed 32128K, reserved 905216K
  class space    used 4549K, committed 5056K, reserved 839680K
}
Event: 7.181 GC heap after
{Heap after GC invocations=7 (full 0):
 garbage-first heap   total 89088K, used 30715K [0x0000000080000000, 0x0000000100000000)
  region size 1024K, 4 young (4096K), 4 survivors (4096K)
 Metaspace       used 31072K, committed 32128K, reserved 905216K
  class space    used 4549K, committed 5056K, reserved 839680K
}
Event: 7.627 GC heap before
{Heap before GC invocations=7 (full 0):
 garbage-first heap   total 89088K, used 43003K [0x0000000080000000, 0x0000000100000000)
  region size 1024K, 18 young (18432K), 4 survivors (4096K)
 Metaspace       used 35038K, committed 36096K, reserved 905216K
  class space    used 4932K, committed 5504K, reserved 839680K
}
Event: 7.632 GC heap after
{Heap after GC invocations=8 (full 0):
 garbage-first heap   total 89088K, used 32034K [0x0000000080000000, 0x0000000100000000)
  region size 1024K, 5 young (5120K), 5 survivors (5120K)
 Metaspace       used 35038K, committed 36096K, reserved 905216K
  class space    used 4932K, committed 5504K, reserved 839680K
}
Event: 8.592 GC heap before
{Heap before GC invocations=9 (full 0):
 garbage-first heap   total 89088K, used 78114K [0x0000000080000000, 0x0000000100000000)
  region size 1024K, 46 young (47104K), 5 survivors (5120K)
 Metaspace       used 38106K, committed 39168K, reserved 905216K
  class space    used 5232K, committed 5760K, reserved 839680K
}
Event: 8.603 GC heap after
{Heap after GC invocations=10 (full 0):
 garbage-first heap   total 89088K, used 36811K [0x0000000080000000, 0x0000000100000000)
  region size 1024K, 6 young (6144K), 6 survivors (6144K)
 Metaspace       used 38106K, committed 39168K, reserved 905216K
  class space    used 5232K, committed 5760K, reserved 839680K
}
Event: 9.142 GC heap before
{Heap before GC invocations=10 (full 0):
 garbage-first heap   total 89088K, used 76747K [0x0000000080000000, 0x0000000100000000)
  region size 1024K, 44 young (45056K), 6 survivors (6144K)
 Metaspace       used 40642K, committed 41856K, reserved 905216K
  class space    used 5508K, committed 6080K, reserved 839680K
}
Event: 9.149 GC heap after
{Heap after GC invocations=11 (full 0):
 garbage-first heap   total 107520K, used 37457K [0x0000000080000000, 0x0000000100000000)
  region size 1024K, 2 young (2048K), 2 survivors (2048K)
 Metaspace       used 40642K, committed 41856K, reserved 905216K
  class space    used 5508K, committed 6080K, reserved 839680K
}
Event: 11.580 GC heap before
{Heap before GC invocations=11 (full 0):
 garbage-first heap   total 107520K, used 92753K [0x0000000080000000, 0x0000000100000000)
  region size 1024K, 56 young (57344K), 2 survivors (2048K)
 Metaspace       used 46572K, committed 48192K, reserved 905216K
  class space    used 6484K, committed 7296K, reserved 839680K
}
Event: 11.585 GC heap after
{Heap after GC invocations=12 (full 0):
 garbage-first heap   total 107520K, used 40329K [0x0000000080000000, 0x0000000100000000)
  region size 1024K, 5 young (5120K), 5 survivors (5120K)
 Metaspace       used 46572K, committed 48192K, reserved 905216K
  class space    used 6484K, committed 7296K, reserved 839680K
}

